  Player.cpp
Player.cpp(39): warning C4018: '>': no coinciden signed/unsigned
Player.cpp(119): warning C4018: '>': no coinciden signed/unsigned
Player.cpp(140): warning C4018: '>': no coinciden signed/unsigned
Player.cpp(143): warning C4018: '<': no coinciden signed/unsigned
Player.cpp(160): warning C4018: '>': no coinciden signed/unsigned
Player.cpp(163): warning C4018: '<': no coinciden signed/unsigned
Player.cpp(180): warning C4018: '>': no coinciden signed/unsigned
Player.cpp(183): warning C4018: '<': no coinciden signed/unsigned
Player.cpp(185): warning C4018: '>': no coinciden signed/unsigned
Player.cpp(207): warning C4018: '>': no coinciden signed/unsigned
Player.cpp(211): warning C4018: '<': no coinciden signed/unsigned
Player.cpp(221): warning C4018: '>': no coinciden signed/unsigned
Player.cpp(247): warning C4018: '>': no coinciden signed/unsigned
Player.cpp(250): warning C4018: '<': no coinciden signed/unsigned
Player.cpp(252): warning C4018: '>': no coinciden signed/unsigned
Player.cpp(255): warning C4018: '<': no coinciden signed/unsigned
Player.cpp(276): warning C4018: '>': no coinciden signed/unsigned
Player.cpp(293): warning C4018: '>': no coinciden signed/unsigned
Player.cpp(297): warning C4018: '<': no coinciden signed/unsigned
Player.cpp(321): warning C4018: '>': no coinciden signed/unsigned
Player.cpp(324): warning C4018: '<': no coinciden signed/unsigned
Player.cpp(356): warning C4018: '>': no coinciden signed/unsigned
Player.cpp(360): warning C4018: '<': no coinciden signed/unsigned
Player.cpp(398): warning C4018: '>': no coinciden signed/unsigned
  Generando código
  3 of 408 functions ( 0.7%) were compiled, the rest were copied from previous compilation.
    0 functions were new in current compilation
    2 functions had inline decision re-evaluated but remain unchanged
  Generación de código finalizada
  NobunagasZork.vcxproj -> C:\Users\Cristian\Documents\GitHub\NobunagasZork\Release\NobunagasZork.exe
